Productos:
    Crear producto                              READY || TODO -> revisar mensajes de error
    Editar producto                             READY
    Mostrar productos                           READY
    Eliminar producto                           READY
    Producto no encontrado                      READY
    subir imagen para productos                 PENDIENTE -> google photos api

Presupuestos:
    Crear presupuesto                           READY
    Editar presupuesto                          READY
    Mostrar presupuestos | generar pdf          READY
    Eliminar presupuesto                        READY
    Presupuesto no encontrado                   READY
    Borrar presupuesto                          READY
    SearchBar presupuesto                       BUG -> caso "test"

    lo de pendiente -> factura                  PENDIENTE
    lo del IVA                                  PENDIENTE

Notas De Entrega:
    Crear nota de entrega                           READY
    Editar nota de entrega                          READY
    Mostrar nota de entrega | generar pdf           READY
    Eliminar nota de entrega                        READY
    Nota de entrega no encontrada                   READY
    Borrar nota de entrega                          READY

SearchBar:
    búsqueda por nombre                             READY
    búsqueda por sku                                READY
    búsqueda por tag                                READY

Paginación:
    ir a primera página                             READY
    ir a página anterior                            READY
    mostrar página actual                           READY
    ir a página siguiente                           READY
    ir a la última página                           READY

pendiente:

Subir productos en lote por medio de csv

Versión Móvil


cabos sueltos:
preguntar por el footer de la nota de entrega. ¿Qué texto debe ir ahí?

lo del sku... No deja colocar duplicados entre tiendas

TODO:

arreglar el componente de productos

mirar lo las imagenes

mirar lo del csv

morir con la version movil
